Gtk-Message: 08:24:57.985: Not loading module "atk-bridge": The functionality is provided by GTK natively. Please try to not load it.

(chrome:1938693): Gtk-WARNING **: 08:24:58.042: GTK+ module /snap/chromium/3125/gnome-platform/usr/lib/gtk-2.0/modules/libcanberra-gtk-module.so cannot be loaded.
GTK+ 2.x symbols detected. Using GTK+ 2.x and GTK+ 3 in the same process is not supported.
Gtk-Message: 08:24:58.042: Failed to load module "canberra-gtk-module"

(chrome:1938693): Gtk-WARNING **: 08:24:58.044: GTK+ module /snap/chromium/3125/gnome-platform/usr/lib/gtk-2.0/modules/libcanberra-gtk-module.so cannot be loaded.
GTK+ 2.x symbols detected. Using GTK+ 2.x and GTK+ 3 in the same process is not supported.
Gtk-Message: 08:24:58.044: Failed to load module "canberra-gtk-module"
[1938886:1938891:0528/082500.996080:ERROR:net/socket/ssl_client_socket_impl.cc:877] handshake failed; returned -1, SSL error code 1, net_error -202
[1938886:1938891:0528/082503.138604:ERROR:net/socket/ssl_client_socket_impl.cc:877] handshake failed; returned -1, SSL error code 1, net_error -202
[1938886:1938891:0528/082507.397732:ERROR:net/socket/ssl_client_socket_impl.cc:877] handshake failed; returned -1, SSL error code 1, net_error -202
[1938886:1938891:0528/082516.152416:ERROR:net/socket/ssl_client_socket_impl.cc:877] handshake failed; returned -1, SSL error code 1, net_error -202
[1938886:1938891:0528/082533.639237:ERROR:net/socket/ssl_client_socket_impl.cc:877] handshake failed; returned -1, SSL error code 1, net_error -202
[1938886:1938891:0528/082608.605093:ERROR:net/socket/ssl_client_socket_impl.cc:877] handshake failed; returned -1, SSL error code 1, net_error -202
[1938886:1938891:0528/082716.027705:ERROR:net/socket/ssl_client_socket_impl.cc:877] handshake failed; returned -1, SSL error code 1, net_error -202
Warning: vkCreateInstance: Found no drivers!
Warning: vkCreateInstance failed with VK_ERROR_INCOMPATIBLE_DRIVER
    at CheckVkSuccessImpl (../../third_party/dawn/src/dawn/native/vulkan/VulkanError.cpp:106)

[1941030:1941030:0528/082758.227216:ERROR:services/on_device_model/ml/gpu_blocklist.cc:120] Unable to get gpu adapter
[1938693:1938693:0528/082758.227652:ERROR:services/on_device_model/public/cpp/service_client.cc:36] Unexpected on_device_model service disconnect: The device's GPU is not supported.
[1938881:1938881:0528/082821.058122:ERROR:ui/gl/gl_surface_presentation_helper.cc:260] GetVSyncParametersIfAvailable() failed for 1 times!
[1938693:1938693:0528/082822.693568:ERROR:chrome/browser/ui/webui/new_tab_page/new_tab_page_handler.cc:1353] NewTabPage loaded into a non-browser-tab context
